# JRE version: Java(TM) SE Runtime Environment (15.0+36) (build 15+36-1562)
# Java VM: Java HotSpot(TM) 64-Bit Server VM (15+36-1562, mixed mode, sharing, tiered, compressed oops, g1 gc, windows-amd64)
GC Precious Log:
 CPUs: 4 total, 4 available
 Memory: 6012M
 Large Page Support: Disabled
 NUMA Support: Disabled
 Compressed Oops: Enabled (32-bit)
 Heap Region Size: 1M
 Heap Min Capacity: 256M
 Heap Initial Capacity: 256M
 Heap Max Capacity: 512M
 Pre-touch: Disabled
 Parallel Workers: 4
 Concurrent Workers: 1
 Concurrent Refinement Workers: 4
 Periodic GC: Disabled
Heap:
 garbage-first heap   total 262144K, used 112668K [0x00000000e0000000, 0x0000000100000000)
  region size 1024K, 23 young (23552K), 3 survivors (3072K)
 Metaspace       used 63221K, capacity 64667K, committed 64944K, reserved 311296K
  class space    used 7950K, capacity 8399K, committed 8448K, reserved 253952K
GC Heap History (20 events):
Event: 2.981 GC heap before
{Heap before GC invocations=2 (full 0):
 garbage-first heap   total 262144K, used 31501K [0x00000000e0000000, 0x0000000100000000)
  region size 1024K, 25 young (25600K), 2 survivors (2048K)
 Metaspace       used 4143K, capacity 6607K, committed 6656K, reserved 262144K
  class space    used 493K, capacity 729K, committed 768K, reserved 253952K
}
Event: 2.984 GC heap after
{Heap after GC invocations=3 (full 0):
 garbage-first heap   total 262144K, used 11825K [0x00000000e0000000, 0x0000000100000000)
  region size 1024K, 4 young (4096K), 4 survivors (4096K)
 Metaspace       used 4143K, capacity 6607K, committed 6656K, reserved 262144K
  class space    used 493K, capacity 729K, committed 768K, reserved 253952K
}
Event: 9.495 GC heap before
{Heap before GC invocations=3 (full 0):
 garbage-first heap   total 262144K, used 105009K [0x00000000e0000000, 0x0000000100000000)
  region size 1024K, 96 young (98304K), 4 survivors (4096K)
 Metaspace       used 20657K, capacity 21103K, committed 21296K, reserved 272384K
  class space    used 2967K, capacity 3112K, committed 3200K, reserved 253952K
}
Event: 9.509 GC heap after
{Heap after GC invocations=4 (full 0):
 garbage-first heap   total 262144K, used 18959K [0x00000000e0000000, 0x0000000100000000)
  region size 1024K, 11 young (11264K), 11 survivors (11264K)
 Metaspace       used 20657K, capacity 21103K, committed 21296K, reserved 272384K
  class space    used 2967K, capacity 3112K, committed 3200K, reserved 253952K
}
Event: 13.183 GC heap before
{Heap before GC invocations=5 (full 0):
 garbage-first heap   total 262144K, used 104975K [0x00000000e0000000, 0x0000000100000000)
  region size 1024K, 93 young (95232K), 11 survivors (11264K)
 Metaspace       used 35137K, capacity 35734K, committed 35888K, reserved 286720K
  class space    used 4674K, capacity 4865K, committed 4992K, reserved 253952K
}
Event: 13.205 GC heap after
{Heap after GC invocations=6 (full 0):
 garbage-first heap   total 262144K, used 26395K [0x00000000e0000000, 0x0000000100000000)
  region size 1024K, 8 young (8192K), 8 survivors (8192K)
 Metaspace       used 35137K, capacity 35734K, committed 35888K, reserved 286720K
  class space    used 4674K, capacity 4865K, committed 4992K, reserved 253952K
}
Event: 16.625 GC heap before
{Heap before GC invocations=7 (full 0):
 garbage-first heap   total 262144K, used 130843K [0x00000000e0000000, 0x0000000100000000)
  region size 1024K, 110 young (112640K), 8 survivors (8192K)
 Metaspace       used 43611K, capacity 44563K, committed 44848K, reserved 292864K
  class space    used 5920K, capacity 6227K, committed 6272K, reserved 253952K
}
Event: 16.647 GC heap after
{Heap after GC invocations=8 (full 0):
 garbage-first heap   total 262144K, used 36937K [0x00000000e0000000, 0x0000000100000000)
  region size 1024K, 11 young (11264K), 11 survivors (11264K)
 Metaspace       used 43611K, capacity 44563K, committed 44848K, reserved 292864K
  class space    used 5920K, capacity 6227K, committed 6272K, reserved 253952K
}
Event: 20.906 GC heap before
{Heap before GC invocations=8 (full 0):
 garbage-first heap   total 262144K, used 181321K [0x00000000e0000000, 0x0000000100000000)
  region size 1024K, 153 young (156672K), 11 survivors (11264K)
 Metaspace       used 47699K, capacity 48713K, committed 48816K, reserved 296960K
  class space    used 6312K, capacity 6613K, committed 6656K, reserved 253952K
}
Event: 20.930 GC heap after
{Heap after GC invocations=9 (full 0):
 garbage-first heap   total 262144K, used 43751K [0x00000000e0000000, 0x0000000100000000)
  region size 1024K, 17 young (17408K), 17 survivors (17408K)
 Metaspace       used 47699K, capacity 48713K, committed 48816K, reserved 296960K
  class space    used 6312K, capacity 6613K, committed 6656K, reserved 253952K
}
Event: 24.060 GC heap before
{Heap before GC invocations=9 (full 0):
 garbage-first heap   total 262144K, used 185063K [0x00000000e0000000, 0x0000000100000000)
  region size 1024K, 153 young (156672K), 17 survivors (17408K)
 Metaspace       used 56391K, capacity 57489K, committed 57648K, reserved 305152K
  class space    used 7384K, capacity 7760K, committed 7808K, reserved 253952K
}
Event: 24.117 GC heap after
{Heap after GC invocations=10 (full 0):
 garbage-first heap   total 262144K, used 62432K [0x00000000e0000000, 0x0000000100000000)
  region size 1024K, 20 young (20480K), 20 survivors (20480K)
 Metaspace       used 56391K, capacity 57489K, committed 57648K, reserved 305152K
  class space    used 7384K, capacity 7760K, committed 7808K, reserved 253952K
}
Event: 106.663 GC heap before
{Heap before GC invocations=10 (full 0):
 garbage-first heap   total 262144K, used 160736K [0x00000000e0000000, 0x0000000100000000)
  region size 1024K, 118 young (120832K), 20 survivors (20480K)
 Metaspace       used 58843K, capacity 60072K, committed 60208K, reserved 307200K
  class space    used 7615K, capacity 7990K, committed 8064K, reserved 253952K
}
Event: 106.698 GC heap after
{Heap after GC invocations=11 (full 0):
 garbage-first heap   total 262144K, used 72704K [0x00000000e0000000, 0x0000000100000000)
  region size 1024K, 11 young (11264K), 11 survivors (11264K)
 Metaspace       used 58843K, capacity 60072K, committed 60208K, reserved 307200K
  class space    used 7615K, capacity 7990K, committed 8064K, reserved 253952K
}
Event: 108.300 GC heap before
{Heap before GC invocations=12 (full 0):
 garbage-first heap   total 262144K, used 198656K [0x00000000e0000000, 0x0000000100000000)
  region size 1024K, 134 young (137216K), 11 survivors (11264K)
 Metaspace       used 59246K, capacity 60498K, committed 60720K, reserved 307200K
  class space    used 7625K, capacity 8025K, committed 8064K, reserved 253952K
}
Event: 108.313 GC heap after
{Heap after GC invocations=13 (full 0):
 garbage-first heap   total 262144K, used 74240K [0x00000000e0000000, 0x0000000100000000)
  region size 1024K, 5 young (5120K), 5 survivors (5120K)
 Metaspace       used 59246K, capacity 60498K, committed 60720K, reserved 307200K
  class space    used 7625K, capacity 8025K, committed 8064K, reserved 253952K
}
Event: 110.001 GC heap before
{Heap before GC invocations=13 (full 0):
 garbage-first heap   total 262144K, used 203264K [0x00000000e0000000, 0x0000000100000000)
  region size 1024K, 131 young (134144K), 5 survivors (5120K)
 Metaspace       used 60771K, capacity 62142K, committed 62384K, reserved 309248K
  class space    used 7722K, capacity 8142K, committed 8192K, reserved 253952K
}
Event: 110.025 GC heap after
{Heap after GC invocations=14 (full 0):
 garbage-first heap   total 262144K, used 89984K [0x00000000e0000000, 0x0000000100000000)
  region size 1024K, 17 young (17408K), 17 survivors (17408K)
 Metaspace       used 60771K, capacity 62142K, committed 62384K, reserved 309248K
  class space    used 7722K, capacity 8142K, committed 8192K, reserved 253952K
}
Event: 112.656 GC heap before
{Heap before GC invocations=14 (full 0):
 garbage-first heap   total 262144K, used 200576K [0x00000000e0000000, 0x0000000100000000)
  region size 1024K, 126 young (129024K), 17 survivors (17408K)
 Metaspace       used 62951K, capacity 64378K, committed 64688K, reserved 311296K
  class space    used 7947K, capacity 8367K, committed 8448K, reserved 253952K
}
Event: 112.679 GC heap after
{Heap after GC invocations=15 (full 0):
 garbage-first heap   total 262144K, used 93212K [0x00000000e0000000, 0x0000000100000000)
  region size 1024K, 3 young (3072K), 3 survivors (3072K)
 Metaspace       used 62951K, capacity 64378K, committed 64688K, reserved 311296K
  class space    used 7947K, capacity 8367K, committed 8448K, reserved 253952K
}

